<?xml version="1.0" encoding="UTF-8"?>
<testsuite name="br.com.fiap.bank.BankApplicationTests" tests="1" skipped="0" failures="0" errors="0" timestamp="2020-04-01T23:28:58" hostname="marcelo-virtual-machine" time="0.065">
  <properties/>
  <testcase name="contextLoads()" classname="br.com.fiap.bank.BankApplicationTests" time="0.065"/>
  <system-out><![CDATA[20:28:54.390 [Test worker] DEBUG org.springframework.test.context.BootstrapUtils - Instantiating CacheAwareContextLoaderDelegate from class [org.springframework.test.context.cache.DefaultCacheAwareContextLoaderDelegate]
20:28:54.408 [Test worker] DEBUG org.springframework.test.context.BootstrapUtils - Instantiating BootstrapContext using constructor [public org.springframework.test.context.support.DefaultBootstrapContext(java.lang.Class,org.springframework.test.context.CacheAwareContextLoaderDelegate)]
20:28:54.443 [Test worker] DEBUG org.springframework.test.context.BootstrapUtils - Instantiating TestContextBootstrapper for test class [br.com.fiap.bank.BankApplicationTests] from class [org.springframework.boot.test.context.SpringBootTestContextBootstrapper]
20:28:54.472 [Test worker] INFO org.springframework.boot.test.context.SpringBootTestContextBootstrapper - Neither @ContextConfiguration nor @ContextHierarchy found for test class [br.com.fiap.bank.BankApplicationTests], using SpringBootContextLoader
20:28:54.480 [Test worker] DEBUG org.springframework.test.context.support.AbstractContextLoader - Did not detect default resource location for test class [br.com.fiap.bank.BankApplicationTests]: class path resource [br/com/fiap/bank/BankApplicationTests-context.xml] does not exist
20:28:54.481 [Test worker] DEBUG org.springframework.test.context.support.AbstractContextLoader - Did not detect default resource location for test class [br.com.fiap.bank.BankApplicationTests]: class path resource [br/com/fiap/bank/BankApplicationTestsContext.groovy] does not exist
20:28:54.481 [Test worker] INFO org.springframework.test.context.support.AbstractContextLoader - Could not detect default resource locations for test class [br.com.fiap.bank.BankApplicationTests]: no resource found for suffixes {-context.xml, Context.groovy}.
20:28:54.482 [Test worker] INFO org.springframework.test.context.support.AnnotationConfigContextLoaderUtils - Could not detect default configuration classes for test class [br.com.fiap.bank.BankApplicationTests]: BankApplicationTests does not declare any static, non-private, non-final, nested classes annotated with @Configuration.
20:28:54.521 [Test worker] DEBUG org.springframework.test.context.support.ActiveProfilesUtils - Could not find an 'annotation declaring class' for annotation type [org.springframework.test.context.ActiveProfiles] and class [br.com.fiap.bank.BankApplicationTests]
20:28:54.580 [Test worker] DEBUG org.springframework.context.annotation.ClassPathScanningCandidateComponentProvider - Identified candidate component class: file [/home/marcelo/Documentos/bank/build/classes/java/main/br/com/fiap/bank/BankApplication.class]
20:28:54.582 [Test worker] INFO org.springframework.boot.test.context.SpringBootTestContextBootstrapper - Found @SpringBootConfiguration br.com.fiap.bank.BankApplication for test class br.com.fiap.bank.BankApplicationTests
20:28:54.651 [Test worker] DEBUG org.springframework.boot.test.context.SpringBootTestContextBootstrapper - @TestExecutionListeners is not present for class [br.com.fiap.bank.BankApplicationTests]: using defaults.
20:28:54.652 [Test worker] INFO org.springframework.boot.test.context.SpringBootTestContextBootstrapper - Loaded default TestExecutionListener class names from location [META-INF/spring.factories]: [org.springframework.boot.test.autoconfigure.restdocs.RestDocsTestExecutionListener, org.springframework.boot.test.autoconfigure.web.client.MockRestServiceServerResetTestExecutionListener, org.springframework.boot.test.autoconfigure.web.servlet.MockMvcPrintOnlyOnFailureTestExecutionListener, org.springframework.boot.test.autoconfigure.web.servlet.WebDriverTestExecutionListener, org.springframework.boot.test.mock.mockito.MockitoTestExecutionListener, org.springframework.boot.test.mock.mockito.ResetMocksTestExecutionListener, org.springframework.test.context.web.ServletTestExecutionListener, org.springframework.test.context.support.DirtiesContextBeforeModesTestExecutionListener, org.springframework.test.context.support.DependencyInjectionTestExecutionListener, org.springframework.test.context.support.DirtiesContextTestExecutionListener, org.springframework.test.context.transaction.TransactionalTestExecutionListener, org.springframework.test.context.jdbc.SqlScriptsTestExecutionListener, org.springframework.test.context.event.EventPublishingTestExecutionListener]
20:28:54.663 [Test worker] INFO org.springframework.boot.test.context.SpringBootTestContextBootstrapper - Using TestExecutionListeners: [org.springframework.test.context.web.ServletTestExecutionListener@50bb782d, org.springframework.test.context.support.DirtiesContextBeforeModesTestExecutionListener@26aafe89, org.springframework.boot.test.mock.mockito.MockitoTestExecutionListener@1c0e5532, org.springframework.boot.test.autoconfigure.SpringBootDependencyInjectionTestExecutionListener@7575d5cc, org.springframework.test.context.support.DirtiesContextTestExecutionListener@7e04a15f, org.springframework.test.context.transaction.TransactionalTestExecutionListener@f2b56a0, org.springframework.test.context.jdbc.SqlScriptsTestExecutionListener@616225b2, org.springframework.test.context.event.EventPublishingTestExecutionListener@3ae247e7, org.springframework.boot.test.autoconfigure.restdocs.RestDocsTestExecutionListener@613717bd, org.springframework.boot.test.autoconfigure.web.client.MockRestServiceServerResetTestExecutionListener@347cc36d, org.springframework.boot.test.autoconfigure.web.servlet.MockMvcPrintOnlyOnFailureTestExecutionListener@44433fe5, org.springframework.boot.test.autoconfigure.web.servlet.WebDriverTestExecutionListener@6cb695f5, org.springframework.boot.test.mock.mockito.ResetMocksTestExecutionListener@3565ed21]
20:28:54.666 [Test worker] DEBUG org.springframework.test.context.support.AbstractDirtiesContextTestExecutionListener - Before test class: context [DefaultTestContext@43325ba6 testClass = BankApplicationTests, testInstance = [null], testMethod = [null], testException = [null], mergedContextConfiguration = [WebMergedContextConfiguration@13475201 testClass = BankApplicationTests, locations = '{}', classes = '{class br.com.fiap.bank.BankApplication}', contextInitializerClasses = '[]', activeProfiles = '{}', propertySourceLocations = '{}', propertySourceProperties = '{org.springframework.boot.test.context.SpringBootTestContextBootstrapper=true}', contextCustomizers = set[org.springframework.boot.test.autoconfigure.properties.PropertyMappingContextCustomizer@0, org.springframework.boot.test.autoconfigure.web.servlet.WebDriverContextCustomizerFactory$Customizer@30717d65, org.springframework.boot.test.context.filter.ExcludeFilterContextCustomizer@6b51c36, org.springframework.boot.test.json.DuplicateJsonObjectContextCustomizerFactory$DuplicateJsonObjectContextCustomizer@6068e6f1, org.springframework.boot.test.mock.mockito.MockitoContextCustomizer@0, org.springframework.boot.test.web.client.TestRestTemplateContextCustomizer@4c5ca93], resourceBasePath = 'src/main/webapp', contextLoader = 'org.springframework.boot.test.context.SpringBootContextLoader', parent = [null]], attributes = map['org.springframework.test.context.web.ServletTestExecutionListener.activateListener' -> true]], class annotated with @DirtiesContext [false] with mode [null].
20:28:54.687 [Test worker] DEBUG org.springframework.test.context.support.TestPropertySourceUtils - Adding inlined properties to environment: {spring.jmx.enabled=false, org.springframework.boot.test.context.SpringBootTestContextBootstrapper=true, server.port=-1}

  .   ____          _            __ _ _
 /\\ / ___'_ __ _ _(_)_ __  __ _ \ \ \ \
( ( )\___ | '_ | '_| | '_ \/ _` | \ \ \ \
 \\/  ___)| |_)| | | | | || (_| |  ) ) ) )
  '  |____| .__|_| |_|_| |_\__, | / / / /
 =========|_|==============|___/=/_/_/_/
 :: Spring Boot ::        (v2.2.5.RELEASE)

2020-04-01 20:28:55.108  INFO 12767 --- [    Test worker] br.com.fiap.bank.BankApplicationTests    : Starting BankApplicationTests on marcelo-virtual-machine with PID 12767 (started by marcelo in /home/marcelo/Documentos/bank)
2020-04-01 20:28:55.111  INFO 12767 --- [    Test worker] br.com.fiap.bank.BankApplicationTests    : No active profile set, falling back to default profiles: default
2020-04-01 20:28:55.736  INFO 12767 --- [    Test worker] .s.d.r.c.RepositoryConfigurationDelegate : Bootstrapping Spring Data JPA repositories in DEFAULT mode.
2020-04-01 20:28:55.785  INFO 12767 --- [    Test worker] .s.d.r.c.RepositoryConfigurationDelegate : Finished Spring Data repository scanning in 42ms. Found 1 JPA repository interfaces.
2020-04-01 20:28:56.230  INFO 12767 --- [    Test worker] com.zaxxer.hikari.HikariDataSource       : HikariPool-1 - Starting...
2020-04-01 20:28:56.393  INFO 12767 --- [    Test worker] com.zaxxer.hikari.HikariDataSource       : HikariPool-1 - Start completed.
2020-04-01 20:28:56.504  INFO 12767 --- [    Test worker] o.hibernate.jpa.internal.util.LogHelper  : HHH000204: Processing PersistenceUnitInfo [name: default]
2020-04-01 20:28:56.568  INFO 12767 --- [    Test worker] org.hibernate.Version                    : HHH000412: Hibernate ORM core version 5.4.12.Final
2020-04-01 20:28:56.666  INFO 12767 --- [    Test worker] o.hibernate.annotations.common.Version   : HCANN000001: Hibernate Commons Annotations {5.1.0.Final}
2020-04-01 20:28:56.764  INFO 12767 --- [    Test worker] org.hibernate.dialect.Dialect            : HHH000400: Using dialect: org.hibernate.dialect.H2Dialect
2020-04-01 20:28:57.317  INFO 12767 --- [    Test worker] o.h.e.t.j.p.i.JtaPlatformInitiator       : HHH000490: Using JtaPlatform implementation: [org.hibernate.engine.transaction.jta.platform.internal.NoJtaPlatform]
2020-04-01 20:28:57.322  INFO 12767 --- [    Test worker] j.LocalContainerEntityManagerFactoryBean : Initialized JPA EntityManagerFactory for persistence unit 'default'
2020-04-01 20:28:57.959  WARN 12767 --- [    Test worker] JpaBaseConfiguration$JpaWebConfiguration : spring.jpa.open-in-view is enabled by default. Therefore, database queries may be performed during view rendering. Explicitly configure spring.jpa.open-in-view to disable this warning
2020-04-01 20:28:58.183  INFO 12767 --- [    Test worker] o.s.s.concurrent.ThreadPoolTaskExecutor  : Initializing ExecutorService 'applicationTaskExecutor'
2020-04-01 20:28:58.357  INFO 12767 --- [    Test worker] o.s.b.a.h2.H2ConsoleAutoConfiguration    : H2 console available at '/h2-console'. Database available at 'jdbc:h2:mem:bank'
2020-04-01 20:28:58.413  INFO 12767 --- [    Test worker] br.com.fiap.bank.BankApplicationTests    : Started BankApplicationTests in 3.719 seconds (JVM running for 4.846)
]]></system-out>
  <system-err><![CDATA[]]></system-err>
</testsuite>
